<?xml version="1.0" encoding="UTF-8"?>
<!-- Generated by org.testng.reporters.JUnitXMLReporter -->
<testsuite hostname="LAPTOP-4MO39718" name="Login guru on Chrome" tests="13" failures="2" timestamp="24 Aug 2019 11:58:18 GMT" time="3784.166" errors="0">
  <testcase name="getAccountRegister" time="1.448" classname="BankGuruTestcases.RegisterScript"/>
  <testcase name="TC_01_CustomerCannotBlank" time="0.217" classname="BankGuruTestcases.NewCustomerScript"/>
  <testcase name="TC_02_DateFieldCannotBlank" time="0.15" classname="BankGuruTestcases.NewCustomerScript"/>
  <testcase name="TC_03_SignUpNewCustomer" time="3.164" classname="BankGuruTestcases.NewCustomerScript"/>
  <testcase name="TC_01_EditAddress" time="1.404" classname="BankGuruTestcases.EditCustomerScript"/>
  <testcase name="TC_02_EditCity" time="1.474" classname="BankGuruTestcases.EditCustomerScript"/>
  <testcase name="TC_03_EditState" time="2.207" classname="BankGuruTestcases.EditCustomerScript"/>
  <testcase name="TC_04_EditPin" time="1.694" classname="BankGuruTestcases.EditCustomerScript"/>
  <testcase name="TC_05_EditPhone" time="2.198" classname="BankGuruTestcases.EditCustomerScript"/>
  <testcase name="TC_06_EditEmail" time="83.879" classname="BankGuruTestcases.EditCustomerScript">
    <failure type="org.openqa.selenium.WebDriverException" message="disconnected: Unable to receive message from renderer
  (Session info: chrome=76.0.3809.100)
Build info: version: &amp;apos;3.11.0&amp;apos;, revision: &amp;apos;e59cfb3&amp;apos;, time: &amp;apos;2018-03-11T20:26:55.152Z&amp;apos;
System info: host: &amp;apos;LAPTOP-4MO39718&amp;apos;, ip: &amp;apos;192.168.1.15&amp;apos;, os.name: &amp;apos;Windows 10&amp;apos;, os.arch: &amp;apos;amd64&amp;apos;, os.version: &amp;apos;10.0&amp;apos;, java.version: &amp;apos;1.8.0_201&amp;apos;
Driver info: org.openqa.selenium.chrome.ChromeDriver
Capabilities {acceptInsecureCerts: false, browserName: chrome, browserVersion: 76.0.3809.100, chrome: {chromedriverVersion: 76.0.3809.25 (a0c95f440512e..., userDataDir: C:\Users\DUYEND~1\AppData\L...}, goog:chromeOptions: {debuggerAddress: localhost:59514}, javascriptEnabled: true, networkConnectionEnabled: false, pageLoadStrategy: normal, platform: XP, platformName: XP, proxy: Proxy(), setWindowRect: true, strictFileInteractability: false, timeouts: {implicit: 0, pageLoad: 300000, script: 30000}, unhandledPromptBehavior: dismiss and notify}
Session ID: 9d872556e677fb6bd76da748bc7ee951">
      <![CDATA[org.openqa.selenium.WebDriverException: disconnected: Unable to receive message from renderer
  (Session info: chrome=76.0.3809.100)
Build info: version: '3.11.0', revision: 'e59cfb3', time: '2018-03-11T20:26:55.152Z'
System info: host: 'LAPTOP-4MO39718', ip: '192.168.1.15', os.name: 'Windows 10', os.arch: 'amd64', os.version: '10.0', java.version: '1.8.0_201'
Driver info: org.openqa.selenium.chrome.ChromeDriver
Capabilities {acceptInsecureCerts: false, browserName: chrome, browserVersion: 76.0.3809.100, chrome: {chromedriverVersion: 76.0.3809.25 (a0c95f440512e..., userDataDir: C:\Users\DUYEND~1\AppData\L...}, goog:chromeOptions: {debuggerAddress: localhost:59514}, javascriptEnabled: true, networkConnectionEnabled: false, pageLoadStrategy: normal, platform: XP, platformName: XP, proxy: Proxy(), setWindowRect: true, strictFileInteractability: false, timeouts: {implicit: 0, pageLoad: 300000, script: 30000}, unhandledPromptBehavior: dismiss and notify}
Session ID: 9d872556e677fb6bd76da748bc7ee951
	at org.openqa.selenium.remote.http.W3CHttpResponseCodec.createException(W3CHttpResponseCodec.java:187)
	at org.openqa.selenium.remote.http.W3CHttpResponseCodec.decode(W3CHttpResponseCodec.java:122)
	at org.openqa.selenium.remote.http.W3CHttpResponseCodec.decode(W3CHttpResponseCodec.java:49)
	at org.openqa.selenium.remote.HttpCommandExecutor.execute(HttpCommandExecutor.java:158)
	at org.openqa.selenium.remote.service.DriverCommandExecutor.execute(DriverCommandExecutor.java:83)
	at org.openqa.selenium.remote.RemoteWebDriver.execute(RemoteWebDriver.java:545)
	at org.openqa.selenium.remote.RemoteWebElement.execute(RemoteWebElement.java:279)
	at org.openqa.selenium.remote.RemoteWebElement.click(RemoteWebElement.java:83)
	at org.openqa.selenium.support.pagefactory.internal.LocatingElementHandler.invoke(LocatingElementHandler.java:51)
	at com.sun.proxy.$Proxy12.click(Unknown Source)
	at commonPage.CommonFunctions.click(CommonFunctions.java:52)
	at bankGuruActions.EditCustomerPage.clickSubmitEditCustomer(EditCustomerPage.java:121)
	at BankGuruTestcases.EditCustomerScript.TC_06_EditEmail(EditCustomerScript.java:97)
	at java.util.concurrent.FutureTask.run(FutureTask.java:266)
	at java.util.concurrent.ThreadPoolExecutor.runWorker(ThreadPoolExecutor.java:1149)
	at java.util.concurrent.ThreadPoolExecutor$Worker.run(ThreadPoolExecutor.java:624)
	at java.lang.Thread.run(Thread.java:748)
... Removed 23 stack frames]]>
    </failure>
  </testcase> <!-- TC_06_EditEmail -->
  <testcase name="TC_01_CustomerIDCannotBlank" time="0.192" classname="BankGuruTestcases.NewAccountScript"/>
  <testcase name="TC_02_InitialDepositCannotBlank" time="0.231" classname="BankGuruTestcases.NewAccountScript">
    <failure type="java.lang.AssertionError" message="expected [Initial Deposit must not be blank] but found [Customer ID is required]">
      <![CDATA[java.lang.AssertionError: expected [Initial Deposit must not be blank] but found [Customer ID is required]
	at commonPage.CommonTestcases.verifyEqual(CommonTestcases.java:103)
	at BankGuruTestcases.NewAccountScript.TC_02_InitialDepositCannotBlank(NewAccountScript.java:62)
	at java.util.concurrent.FutureTask.run(FutureTask.java:266)
	at java.util.concurrent.ThreadPoolExecutor.runWorker(ThreadPoolExecutor.java:1149)
	at java.util.concurrent.ThreadPoolExecutor$Worker.run(ThreadPoolExecutor.java:624)
	at java.lang.Thread.run(Thread.java:748)
... Removed 21 stack frames]]>
    </failure>
  </testcase> <!-- TC_02_InitialDepositCannotBlank -->
  <testcase name="TC_03_CanCreateNewAccount" time="1.675" classname="BankGuruTestcases.NewAccountScript"/>
</testsuite> <!-- Login guru on Chrome -->
